0 info it worked if it ends with ok
1 verbose cli [ 'C:\\Program Files\\nodejs\\node.exe',
1 verbose cli   'C:\\Users\\RG\\AppData\\Roaming\\npm\\node_modules\\npm\\bin\\npm-cli.js',
1 verbose cli   'start' ]
2 info using npm@3.10.8
3 info using node@v4.6.0
4 verbose run-script [ 'prestart', 'start', 'poststart' ]
5 info lifecycle pgen@0.0.1~prestart: pgen@0.0.1
6 silly lifecycle pgen@0.0.1~prestart: no script for prestart, continuing
7 info lifecycle pgen@0.0.1~start: pgen@0.0.1
8 verbose lifecycle pgen@0.0.1~start: unsafe-perm in lifecycle true
9 verbose lifecycle pgen@0.0.1~start: PATH: C:\Users\RG\AppData\Roaming\npm\node_modules\npm\bin\node-gyp-bin;E:\R\coding\react\cold-choice\node_modules\.bin;C:\Users\RG\bin;C:\Program Files (x86)\Git\mingw32\bin;C:\Program Files (x86)\Git\usr\local\bin;C:\Program Files (x86)\Git\usr\bin;C:\Program Files (x86)\Git\usr\bin;C:\Program Files (x86)\Git\mingw32\bin;C:\Program Files (x86)\Git\usr\bin;C:\Users\RG\bin;C:\ProgramData\Oracle\Java\javapath;C:\Program Files\Broadcom\Broadcom 802.11 Network Adapter\Driver;C:\WINDOWS\system32;C:\WINDOWS;C:\WINDOWS\System32\Wbem;C:\WINDOWS\System32\WindowsPowerShell\v1.0;C:\Program Files (x86)\QuickTime\QTSystem;C:\Program Files (x86)\Skype\Phone;C:\Program Files (x86)\GtkSharp\2.12\bin;C:\Program Files (x86)\Heroku\bin;C:\Program Files (x86)\git\cmd;C:\Program Files (x86)\Git\cmd;C:\Program Files\TortoiseGit\bin;C:\HaxeToolkit\haxe;C:\HaxeToolkit\neko;C:\Program Files\nodejs;E:\HashiCorp\Vagrant\bin;C:\Program Files (x86)\Common Files\Acronis\SnapAPI;C:\Users\RG\AppData\Local\Programs\Python\Python35-32\Scripts;C:\Users\RG\AppData\Local\Programs\Python\Python35-32;C:\Users\RG\AppData\Roaming\npm;C:\Users\RG\AppData\Roaming\Microsoft\Windows\Start Menu\Programs\Python 3.5;C:\Program Files (x86)\Git\usr\bin\vendor_perl;C:\Program Files (x86)\Git\usr\bin\core_perl
10 verbose lifecycle pgen@0.0.1~start: CWD: E:\R\coding\react\cold-choice
11 silly lifecycle pgen@0.0.1~start: Args: [ '/d /s /c',
11 silly lifecycle   'NODE_ENV=development ./node_modules/webpack-dev-server/bin/webpack-dev-server.js --hot --progress --watch-poll' ]
12 silly lifecycle pgen@0.0.1~start: Returned: code: 1  signal: null
13 info lifecycle pgen@0.0.1~start: Failed to exec start script
14 verbose stack Error: pgen@0.0.1 start: `NODE_ENV=development ./node_modules/webpack-dev-server/bin/webpack-dev-server.js --hot --progress --watch-poll`
14 verbose stack Exit status 1
14 verbose stack     at EventEmitter.<anonymous> (C:\Users\RG\AppData\Roaming\npm\node_modules\npm\lib\utils\lifecycle.js:255:16)
14 verbose stack     at emitTwo (events.js:87:13)
14 verbose stack     at EventEmitter.emit (events.js:172:7)
14 verbose stack     at ChildProcess.<anonymous> (C:\Users\RG\AppData\Roaming\npm\node_modules\npm\lib\utils\spawn.js:40:14)
14 verbose stack     at emitTwo (events.js:87:13)
14 verbose stack     at ChildProcess.emit (events.js:172:7)
14 verbose stack     at maybeClose (internal/child_process.js:829:16)
14 verbose stack     at Process.ChildProcess._handle.onexit (internal/child_process.js:211:5)
15 verbose pkgid pgen@0.0.1
16 verbose cwd E:\R\coding\react\cold-choice
17 error Windows_NT 10.0.10240
18 error argv "C:\\Program Files\\nodejs\\node.exe" "C:\\Users\\RG\\AppData\\Roaming\\npm\\node_modules\\npm\\bin\\npm-cli.js" "start"
19 error node v4.6.0
20 error npm  v3.10.8
21 error code ELIFECYCLE
22 error pgen@0.0.1 start: `NODE_ENV=development ./node_modules/webpack-dev-server/bin/webpack-dev-server.js --hot --progress --watch-poll`
22 error Exit status 1
23 error Failed at the pgen@0.0.1 start script 'NODE_ENV=development ./node_modules/webpack-dev-server/bin/webpack-dev-server.js --hot --progress --watch-poll'.
23 error Make sure you have the latest version of node.js and npm installed.
23 error If you do, this is most likely a problem with the pgen package,
23 error not with npm itself.
23 error Tell the author that this fails on your system:
23 error     NODE_ENV=development ./node_modules/webpack-dev-server/bin/webpack-dev-server.js --hot --progress --watch-poll
23 error You can get information on how to open an issue for this project with:
23 error     npm bugs pgen
23 error Or if that isn't available, you can get their info via:
23 error     npm owner ls pgen
23 error There is likely additional logging output above.
24 verbose exit [ 1, true ]
